<?xml version="1.0" encoding="UTF-8"?>
<testsuite xmlns:xsi="http://www.w3.org/2001/XMLSchema-instance" xsi:noNamespaceSchemaLocation="https://maven.apache.org/surefire/maven-surefire-plugin/xsd/surefire-test-report.xsd" version="3.0.2" name="com.cursojava.libraryapi.repository.book.BookRepositoryTest" time="4.531" tests="2" errors="0" skipped="0" failures="0" flakes="0">
  <properties>
[...]
</properties>
  <testcase name="saveTest" classname="com.cursojava.libraryapi.repository.book.BookRepositoryTest" time="0.115">
    <system-out><![CDATA[2026-08-26T14:15:58.358-03:00  INFO 176839 --- [libraryapi] [           main] t.c.s.AnnotationConfigContextLoaderUtils : Could not detect default configuration classes for test class [com.cursojava.libraryapi.repository.book.BookRepositoryTest]: BookRepositoryTest does not declare any static, non-private, non-final, nested classes annotated with @Configuration.
2026-08-26T14:15:58.389-03:00  INFO 176839 --- [libraryapi] [           main] .b.t.c.SpringBootTestContextBootstrapper : Found @SpringBootConfiguration com.cursojava.libraryapi.LibraryapiApplication for test class com.cursojava.libraryapi.repository.book.BookRepositoryTest
2026-08-26T14:15:58.395-03:00  INFO 176839 --- [libraryapi] [           main] t.c.s.AnnotationConfigContextLoaderUtils : Could not detect default configuration classes for test class [com.cursojava.libraryapi.repository.book.BookRepositoryTest]: BookRepositoryTest does not declare any static, non-private, non-final, nested classes annotated with @Configuration.
2026-08-26T14:15:58.400-03:00  INFO 176839 --- [libraryapi] [           main] .b.t.c.SpringBootTestContextBootstrapper : Found @SpringBootConfiguration com.cursojava.libraryapi.LibraryapiApplication for test class com.cursojava.libraryapi.repository.book.BookRepositoryTest

  .   ____          _            __ _ _
 /\\ / ___'_ __ _ _(_)_ __  __ _ \ \ \ \
( ( )\___ | '_ | '_| | '_ \/ _` | \ \ \ \
 \\/  ___)| |_)| | | | | || (_| |  ) ) ) )
  '  |____| .__|_| |_|_| |_\__, | / / / /
 =========|_|==============|___/=/_/_/_/

 :: Spring Boot ::                (v4.1.0)

2026-08-26T14:15:58.570-03:00  INFO 176839 --- [libraryapi] [           main] c.c.l.r.book.BookRepositoryTest          : Starting BookRepositoryTest using Java 21.0.9 with PID 176839 (started by vieira in /home/vieira/Documentos/Pessoal/CursoJava/libraryapi)
2026-08-26T14:15:58.571-03:00  INFO 176839 --- [libraryapi] [           main] c.c.l.r.book.BookRepositoryTest          : No active profile set, falling back to 1 default profile: "default"
2026-08-26T14:15:59.151-03:00  INFO 176839 --- [libraryapi] [           main] .s.d.r.c.RepositoryConfigurationDelegate : Bootstrapping Spring Data JPA repositories in DEFAULT mode.
2026-08-26T14:15:59.174-03:00  INFO 176839 --- [libraryapi] [           main] .s.d.r.c.RepositoryConfigurationDelegate : Finished Spring Data repository scanning in 20 ms. Found 2 JPA repository interfaces.
2026-08-26T14:15:59.707-03:00  INFO 176839 --- [libraryapi] [           main] com.zaxxer.hikari.HikariDataSource       : library-db-pool - Starting...
2026-08-26T14:15:59.738-03:00  INFO 176839 --- [libraryapi] [           main] com.zaxxer.hikari.pool.HikariPool        : library-db-pool - Added connection org.postgresql.jdbc.PgConnection@7845f53d
2026-08-26T14:15:59.738-03:00  INFO 176839 --- [libraryapi] [           main] com.zaxxer.hikari.HikariDataSource       : library-db-pool - Start completed.
2026-08-26T14:15:59.771-03:00  INFO 176839 --- [libraryapi] [           main] org.flywaydb.core.FlywayExecutor         : Database: jdbc:postgresql://localhost:5432/libraryapi (PostgreSQL 16.3)
2026-08-26T14:15:59.804-03:00  INFO 176839 --- [libraryapi] [           main] o.f.core.internal.command.DbValidate     : Successfully validated 4 migrations (execution time 00:00.014s)
2026-08-26T14:15:59.840-03:00  INFO 176839 --- [libraryapi] [           main] o.f.core.internal.command.DbMigrate      : Current version of schema "public": 4
2026-08-26T14:15:59.841-03:00  INFO 176839 --- [libraryapi] [           main] o.f.core.internal.command.DbMigrate      : Schema "public" is up to date. No migration necessary.
2026-08-26T14:15:59.901-03:00  INFO 176839 --- [libraryapi] [           main] org.hibernate.orm.jpa                    : HHH008540: Processing PersistenceUnitInfo [name: default]
2026-08-26T14:16:00.016-03:00  INFO 176839 --- [libraryapi] [           main] o.s.o.j.p.SpringPersistenceUnitInfo      : No LoadTimeWeaver setup: ignoring JPA class transformer
2026-08-26T14:16:00.029-03:00  INFO 176839 --- [libraryapi] [           main] org.hibernate.orm.connections.pooling    : HHH10001005: Database info:
	Database JDBC URL [jdbc:postgresql://localhost:5432/libraryapi]
	Database driver: PostgreSQL JDBC Driver
	Database dialect: PostgreSQLDialect
	Database version: 16.3
	Default catalog/schema: libraryapi/public
	Autocommit mode: undefined/unknown
	Isolation level: READ_COMMITTED [default READ_COMMITTED]
	JDBC fetch size: none
	Pool: DataSourceConnectionProvider
	Minimum pool size: undefined/unknown
	Maximum pool size: undefined/unknown
2026-08-26T14:16:00.230-03:00  INFO 176839 --- [libraryapi] [           main] org.hibernate.orm.core                   : HHH000489: No JTA platform available (set 'hibernate.transaction.jta.platform' to enable JTA platform integration)
2026-08-26T14:16:00.256-03:00  INFO 176839 --- [libraryapi] [           main] j.LocalContainerEntityManagerFactoryBean : Initialized JPA EntityManagerFactory for persistence unit 'default'
2026-08-26T14:16:00.940-03:00  WARN 176839 --- [libraryapi] [           main] JpaBaseConfiguration$JpaWebConfiguration : spring.jpa.open-in-view is enabled by default. Therefore, database queries may be performed during view rendering. Explicitly configure spring.jpa.open-in-view to disable this warning
2026-08-26T14:16:02.363-03:00  INFO 176839 --- [libraryapi] [           main] c.c.l.r.book.BookRepositoryTest          : Started BookRepositoryTest in 3.943 seconds (process running for 14.051)
Hibernate: 
    select
        am1_0.id,
        am1_0.birthdate,
        am1_0.created_at,
        am1_0.name,
        am1_0.nationality,
        am1_0.updated_at 
    from
        authors am1_0 
    where
        am1_0.id=?
Hibernate: 
    insert 
    into
        books
        (author_id, created_at, gender, isbn, price, publish_date, title, updated_at, id) 
    values
        (?, ?, ?, ?, ?, ?, ?, ?, ?)
Livro persistido: BookModel{id=cb844e3c-e82f-4ae7-9a06-24f59961f879, isbn='314d7eabbfc145d48406', title='Livro de teste', publishDate=2026-08-26, gender=FICCAO, price=49.90}
]]></system-out>
  </testcase>
  <testcase name="findAll" classname="com.cursojava.libraryapi.repository.book.BookRepositoryTest" time="0.38">
    <system-out><![CDATA[Hibernate: 
    select
        bm1_0.id,
        bm1_0.author_id,
        bm1_0.created_at,
        bm1_0.gender,
        bm1_0.isbn,
        bm1_0.price,
        bm1_0.publish_date,
        bm1_0.title,
        bm1_0.updated_at 
    from
        books bm1_0 
    where
        bm1_0.publish_date>=? 
        and bm1_0.publish_date<=? 
    order by
        bm1_0.publish_date desc 
    offset
        ? rows 
    fetch
        first ? rows only
Página: 0
Total de elementos: 0
Total de páginas: 0
]]></system-out>
  </testcase>
</testsuite>