<?xml version="1.0" encoding="UTF-8"?>
<testsuite xmlns:xsi="http://www.w3.org/2001/XMLSchema-instance" xsi:noNamespaceSchemaLocation="https://maven.apache.org/surefire/maven-surefire-plugin/xsd/surefire-test-report.xsd" version="3.0.2" name="com.cursojava.libraryapi.repository.book.BookRepositoryTest" time="10.635" tests="1" errors="0" skipped="0" failures="0" flakes="0">
  <properties>
[...]
</properties>
  <testcase name="shouldPersistBookInDatabase" classname="com.cursojava.libraryapi.repository.book.BookRepositoryTest" time="1.072">
    <system-out><![CDATA[13:26:34.903 [main] INFO org.springframework.test.context.support.AnnotationConfigContextLoaderUtils -- Could not detect default configuration classes for test class [com.cursojava.libraryapi.repository.book.BookRepositoryTest]: BookRepositoryTest does not declare any static, non-private, non-final, nested classes annotated with @Configuration.
13:26:35.076 [main] INFO org.springframework.boot.test.context.SpringBootTestContextBootstrapper -- Found @SpringBootConfiguration com.cursojava.libraryapi.LibraryapiApplication for test class com.cursojava.libraryapi.repository.book.BookRepositoryTest
13:26:35.173 [main] INFO org.springframework.test.context.support.AnnotationConfigContextLoaderUtils -- Could not detect default configuration classes for test class [com.cursojava.libraryapi.repository.book.BookRepositoryTest]: BookRepositoryTest does not declare any static, non-private, non-final, nested classes annotated with @Configuration.
13:26:35.176 [main] INFO org.springframework.boot.test.context.SpringBootTestContextBootstrapper -- Found @SpringBootConfiguration com.cursojava.libraryapi.LibraryapiApplication for test class com.cursojava.libraryapi.repository.book.BookRepositoryTest

  .   ____          _            __ _ _
 /\\ / ___'_ __ _ _(_)_ __  __ _ \ \ \ \
( ( )\___ | '_ | '_| | '_ \/ _` | \ \ \ \
 \\/  ___)| |_)| | | | | || (_| |  ) ) ) )
  '  |____| .__|_| |_|_| |_\__, | / / / /
 =========|_|==============|___/=/_/_/_/

 :: Spring Boot ::                (v4.1.0)

2026-08-26T13:26:35.603-03:00  INFO 165296 --- [libraryapi] [           main] c.c.l.r.book.BookRepositoryTest          : Starting BookRepositoryTest using Java 21.0.9 with PID 165296 (started by vieira in /home/vieira/Documentos/Pessoal/CursoJava/libraryapi)
2026-08-26T13:26:35.605-03:00  INFO 165296 --- [libraryapi] [           main] c.c.l.r.book.BookRepositoryTest          : No active profile set, falling back to 1 default profile: "default"
2026-08-26T13:26:36.934-03:00  INFO 165296 --- [libraryapi] [           main] .s.d.r.c.RepositoryConfigurationDelegate : Bootstrapping Spring Data JPA repositories in DEFAULT mode.
2026-08-26T13:26:37.061-03:00  INFO 165296 --- [libraryapi] [           main] .s.d.r.c.RepositoryConfigurationDelegate : Finished Spring Data repository scanning in 110 ms. Found 2 JPA repository interfaces.
2026-08-26T13:26:37.975-03:00  INFO 165296 --- [libraryapi] [           main] com.zaxxer.hikari.HikariDataSource       : library-db-pool - Starting...
2026-08-26T13:26:38.219-03:00  INFO 165296 --- [libraryapi] [           main] com.zaxxer.hikari.pool.HikariPool        : library-db-pool - Added connection org.postgresql.jdbc.PgConnection@7608a838
2026-08-26T13:26:38.221-03:00  INFO 165296 --- [libraryapi] [           main] com.zaxxer.hikari.HikariDataSource       : library-db-pool - Start completed.
2026-08-26T13:26:38.485-03:00  INFO 165296 --- [libraryapi] [           main] org.flywaydb.core.FlywayExecutor         : Database: jdbc:postgresql://localhost:5432/libraryapi (PostgreSQL 16.3)
2026-08-26T13:26:38.580-03:00  INFO 165296 --- [libraryapi] [           main] o.f.core.internal.command.DbValidate     : Successfully validated 4 migrations (execution time 00:00.038s)
2026-08-26T13:26:38.652-03:00  INFO 165296 --- [libraryapi] [           main] o.f.core.internal.command.DbMigrate      : Current version of schema "public": 4
2026-08-26T13:26:38.658-03:00  INFO 165296 --- [libraryapi] [           main] o.f.core.internal.command.DbMigrate      : Schema "public" is up to date. No migration necessary.
2026-08-26T13:26:38.844-03:00  INFO 165296 --- [libraryapi] [           main] org.hibernate.orm.jpa                    : HHH008540: Processing PersistenceUnitInfo [name: default]
2026-08-26T13:26:38.918-03:00  INFO 165296 --- [libraryapi] [           main] org.hibernate.orm.core                   : HHH000001: Hibernate ORM core version 7.4.1.Final
2026-08-26T13:26:39.856-03:00  INFO 165296 --- [libraryapi] [           main] o.s.o.j.p.SpringPersistenceUnitInfo      : No LoadTimeWeaver setup: ignoring JPA class transformer
2026-08-26T13:26:39.993-03:00  INFO 165296 --- [libraryapi] [           main] org.hibernate.orm.connections.pooling    : HHH10001005: Database info:
	Database JDBC URL [jdbc:postgresql://localhost:5432/libraryapi]
	Database driver: PostgreSQL JDBC Driver
	Database dialect: PostgreSQLDialect
	Database version: 16.3
	Default catalog/schema: libraryapi/public
	Autocommit mode: undefined/unknown
	Isolation level: READ_COMMITTED [default READ_COMMITTED]
	JDBC fetch size: none
	Pool: DataSourceConnectionProvider
	Minimum pool size: undefined/unknown
	Maximum pool size: undefined/unknown
2026-08-26T13:26:42.203-03:00  INFO 165296 --- [libraryapi] [           main] org.hibernate.orm.core                   : HHH000489: No JTA platform available (set 'hibernate.transaction.jta.platform' to enable JTA platform integration)
2026-08-26T13:26:42.326-03:00  INFO 165296 --- [libraryapi] [           main] j.LocalContainerEntityManagerFactoryBean : Initialized JPA EntityManagerFactory for persistence unit 'default'
2026-08-26T13:26:42.640-03:00  INFO 165296 --- [libraryapi] [           main] o.s.d.j.r.query.QueryEnhancerFactories   : Hibernate is in classpath; If applicable, HQL parser will be used.
2026-08-26T13:26:43.284-03:00  WARN 165296 --- [libraryapi] [           main] JpaBaseConfiguration$JpaWebConfiguration : spring.jpa.open-in-view is enabled by default. Therefore, database queries may be performed during view rendering. Explicitly configure spring.jpa.open-in-view to disable this warning
2026-08-26T13:26:44.116-03:00  INFO 165296 --- [libraryapi] [           main] c.c.l.r.book.BookRepositoryTest          : Started BookRepositoryTest in 8.882 seconds (process running for 10.315)
Hibernate: 
    insert 
    into
        authors
        (birthdate, created_at, name, nationality, updated_at, id) 
    values
        (?, ?, ?, ?, ?, ?)
Hibernate: 
    insert 
    into
        books
        (author_id, created_at, gender, isbn, price, publish_date, title, updated_at, id) 
    values
        (?, ?, ?, ?, ?, ?, ?, ?, ?)
Livro persistido: BookModel{id=ec3fbe69-e98b-4675-abab-dda8a50619d1, isbn='35c19d01aadc4147bd4f', title='Livro de teste', publishDate=2026-08-26, gender=FICCAO, price=49.90}
]]></system-out>
    <system-err><![CDATA[Mockito is currently self-attaching to enable the inline-mock-maker. This will no longer work in future releases of the JDK. Please add Mockito as an agent to your build as described in Mockito's documentation: https://javadoc.io/doc/org.mockito/mockito-core/latest/org.mockito/org/mockito/Mockito.html#0.3
WARNING: A Java agent has been loaded dynamically (/home/vieira/.m2/repository/net/bytebuddy/byte-buddy-agent/1.18.10/byte-buddy-agent-1.18.10.jar)
WARNING: If a serviceability tool is in use, please run with -XX:+EnableDynamicAgentLoading to hide this warning
WARNING: If a serviceability tool is not in use, please run with -Djdk.instrument.traceUsage for more information
WARNING: Dynamic loading of agents will be disallowed by default in a future release
]]></system-err>
  </testcase>
</testsuite>