<?xml version="1.0" encoding="UTF-8"?>
<testsuite xmlns:xsi="http://www.w3.org/2001/XMLSchema-instance" xsi:noNamespaceSchemaLocation="https://maven.apache.org/surefire/maven-surefire-plugin/xsd/surefire-test-report.xsd" version="3.0.2" name="com.cursojava.libraryapi.LibraryapiApplicationTests" time="0.069" tests="1" errors="0" skipped="0" failures="0" flakes="0">
  <properties>
[...]
</properties>
  <testcase name="contextLoads" classname="com.cursojava.libraryapi.LibraryapiApplicationTests" time="0.015">
    <system-out><![CDATA[2026-08-26T14:16:02.901-03:00  INFO 176839 --- [libraryapi] [           main] t.c.s.AnnotationConfigContextLoaderUtils : Could not detect default configuration classes for test class [com.cursojava.libraryapi.LibraryapiApplicationTests]: LibraryapiApplicationTests does not declare any static, non-private, non-final, nested classes annotated with @Configuration.
2026-08-26T14:16:02.917-03:00  INFO 176839 --- [libraryapi] [           main] .b.t.c.SpringBootTestContextBootstrapper : Found @SpringBootConfiguration com.cursojava.libraryapi.LibraryapiApplication for test class com.cursojava.libraryapi.LibraryapiApplicationTests
2026-08-26T14:16:02.920-03:00  INFO 176839 --- [libraryapi] [           main] t.c.s.AnnotationConfigContextLoaderUtils : Could not detect default configuration classes for test class [com.cursojava.libraryapi.LibraryapiApplicationTests]: LibraryapiApplicationTests does not declare any static, non-private, non-final, nested classes annotated with @Configuration.
2026-08-26T14:16:02.931-03:00  INFO 176839 --- [libraryapi] [           main] .b.t.c.SpringBootTestContextBootstrapper : Found @SpringBootConfiguration com.cursojava.libraryapi.LibraryapiApplication for test class com.cursojava.libraryapi.LibraryapiApplicationTests
]]></system-out>
  </testcase>
</testsuite>